<?xml version="1.0" encoding="UTF-8"?>
<testng-results ignored="0" total="0" passed="0" failed="0" skipped="0">
  <reporter-output>
  </reporter-output>
  <suite started-at="2021-11-16T10:44:06 AEDT" name="Surefire suite" finished-at="2021-11-16T10:44:36 AEDT" duration-ms="29591">
    <groups>
    </groups>
    <test started-at="2021-11-16T10:44:06 AEDT" name="Surefire test" finished-at="2021-11-16T10:44:36 AEDT" duration-ms="29591">
    </test> <!-- Surefire test -->
  </suite> <!-- Surefire suite -->
</testng-results>
